<?xml version="1.0" encoding="UTF-8"?>
<testsuite xmlns:xsi="http://www.w3.org/2001/XMLSchema-instance" xsi:noNamespaceSchemaLocation="https://maven.apache.org/surefire/maven-surefire-plugin/xsd/surefire-test-report.xsd" version="3.0.2" name="com.marketplace.ceara.identity.ReviewIntegrationTest" time="7.297" tests="1" errors="0" skipped="0" failures="0">
  <properties>
[...]
</properties>
  <testcase name="shouldRecalculateAverageRating" classname="com.marketplace.ceara.identity.ReviewIntegrationTest" time="1.281">
    <system-out><![CDATA[Standard Commons Logging discovery in action with spring-jcl: please remove commons-logging.jar from classpath in order to avoid potential conflicts
18:20:21.593 [main] INFO org.springframework.test.context.support.AnnotationConfigContextLoaderUtils -- Could not detect default configuration classes for test class [com.marketplace.ceara.identity.ReviewIntegrationTest]: ReviewIntegrationTest does not declare any static, non-private, non-final, nested classes annotated with @Configuration.
18:20:21.713 [main] INFO org.springframework.boot.test.context.SpringBootTestContextBootstrapper -- Found @SpringBootConfiguration com.marketplace.ceara.MarketplaceCearaApplication for test class com.marketplace.ceara.identity.ReviewIntegrationTest

  .   ____          _            __ _ _
 /\\ / ___'_ __ _ _(_)_ __  __ _ \ \ \ \
( ( )\___ | '_ | '_| | '_ \/ _` | \ \ \ \
 \\/  ___)| |_)| | | | | || (_| |  ) ) ) )
  '  |____| .__|_| |_|_| |_\__, | / / / /
 =========|_|==============|___/=/_/_/_/

 :: Spring Boot ::                (v3.4.5)

2026-04-17T18:20:22.141-03:00  INFO 311001 --- [           main] c.m.c.identity.ReviewIntegrationTest     : Starting ReviewIntegrationTest using Java 21.0.10 with PID 311001 (started by marcos in /home/marcos/Applications/marketplace_ceara/backend)
2026-04-17T18:20:22.143-03:00  INFO 311001 --- [           main] c.m.c.identity.ReviewIntegrationTest     : No active profile set, falling back to 1 default profile: "default"
2026-04-17T18:20:22.928-03:00  INFO 311001 --- [           main] .s.d.r.c.RepositoryConfigurationDelegate : Bootstrapping Spring Data JPA repositories in DEFAULT mode.
2026-04-17T18:20:22.984-03:00  INFO 311001 --- [           main] .s.d.r.c.RepositoryConfigurationDelegate : Finished Spring Data repository scanning in 49 ms. Found 5 JPA repository interfaces.
2026-04-17T18:20:23.703-03:00  INFO 311001 --- [           main] o.s.b.w.embedded.tomcat.TomcatWebServer  : Tomcat initialized with port 0 (http)
2026-04-17T18:20:23.726-03:00  INFO 311001 --- [           main] o.apache.catalina.core.StandardService   : Starting service [Tomcat]
2026-04-17T18:20:23.726-03:00  INFO 311001 --- [           main] o.apache.catalina.core.StandardEngine    : Starting Servlet engine: [Apache Tomcat/10.1.40]
2026-04-17T18:20:23.806-03:00  INFO 311001 --- [           main] o.a.c.c.C.[Tomcat].[localhost].[/]       : Initializing Spring embedded WebApplicationContext
2026-04-17T18:20:23.808-03:00  INFO 311001 --- [           main] w.s.c.ServletWebServerApplicationContext : Root WebApplicationContext: initialization completed in 1648 ms
Standard Commons Logging discovery in action with spring-jcl: please remove commons-logging.jar from classpath in order to avoid potential conflicts
2026-04-17T18:20:24.078-03:00  INFO 311001 --- [           main] o.hibernate.jpa.internal.util.LogHelper  : HHH000204: Processing PersistenceUnitInfo [name: default]
2026-04-17T18:20:24.161-03:00  INFO 311001 --- [           main] org.hibernate.Version                    : HHH000412: Hibernate ORM core version 6.6.13.Final
2026-04-17T18:20:24.202-03:00  INFO 311001 --- [           main] o.h.c.internal.RegionFactoryInitiator    : HHH000026: Second-level cache disabled
2026-04-17T18:20:24.275-03:00  INFO 311001 --- [           main] o.s.o.j.p.SpringPersistenceUnitInfo      : No LoadTimeWeaver setup: ignoring JPA class transformer
2026-04-17T18:20:24.297-03:00  INFO 311001 --- [           main] com.zaxxer.hikari.HikariDataSource       : HikariPool-1 - Starting...
2026-04-17T18:20:24.442-03:00  INFO 311001 --- [           main] com.zaxxer.hikari.pool.HikariPool        : HikariPool-1 - Added connection org.postgresql.jdbc.PgConnection@578c99ac
2026-04-17T18:20:24.443-03:00  INFO 311001 --- [           main] com.zaxxer.hikari.HikariDataSource       : HikariPool-1 - Start completed.
2026-04-17T18:20:24.497-03:00  INFO 311001 --- [           main] org.hibernate.orm.connections.pooling    : HHH10001005: Database info:
	Database JDBC URL [Connecting through datasource 'HikariDataSource (HikariPool-1)']
	Database driver: undefined/unknown
	Database version: 16.12
	Autocommit mode: undefined/unknown
	Isolation level: undefined/unknown
	Minimum pool size: undefined/unknown
	Maximum pool size: undefined/unknown
2026-04-17T18:20:25.147-03:00  INFO 311001 --- [           main] o.h.e.t.j.p.i.JtaPlatformInitiator       : HHH000489: No JTA platform available (set 'hibernate.transaction.jta.platform' to enable JTA platform integration)
2026-04-17T18:20:25.279-03:00  INFO 311001 --- [           main] j.LocalContainerEntityManagerFactoryBean : Initialized JPA EntityManagerFactory for persistence unit 'default'
2026-04-17T18:20:25.559-03:00  INFO 311001 --- [           main] o.s.d.j.r.query.QueryEnhancerFactory     : Hibernate is in classpath; If applicable, HQL parser will be used.
2026-04-17T18:20:25.596-03:00  INFO 311001 --- [           main] eAuthenticationProviderManagerConfigurer : Global AuthenticationManager configured with AuthenticationProvider bean with name authenticationProvider
2026-04-17T18:20:25.597-03:00  WARN 311001 --- [           main] r$InitializeUserDetailsManagerConfigurer : Global AuthenticationManager configured with an AuthenticationProvider bean. UserDetailsService beans will not be used by Spring Security for automatically configuring username/password login. Consider removing the AuthenticationProvider bean. Alternatively, consider using the UserDetailsService in a manually instantiated DaoAuthenticationProvider. If the current configuration is intentional, to turn off this warning, increase the logging level of 'org.springframework.security.config.annotation.authentication.configuration.InitializeUserDetailsBeanManagerConfigurer' to ERROR
2026-04-17T18:20:26.570-03:00  WARN 311001 --- [           main] JpaBaseConfiguration$JpaWebConfiguration : spring.jpa.open-in-view is enabled by default. Therefore, database queries may be performed during view rendering. Explicitly configure spring.jpa.open-in-view to disable this warning
2026-04-17T18:20:27.127-03:00  INFO 311001 --- [           main] o.a.c.c.C.[Tomcat].[localhost].[/]       : Initializing Spring TestDispatcherServlet ''
2026-04-17T18:20:27.128-03:00  INFO 311001 --- [           main] o.s.t.web.servlet.TestDispatcherServlet  : Initializing Servlet ''
2026-04-17T18:20:27.131-03:00  INFO 311001 --- [           main] o.s.t.web.servlet.TestDispatcherServlet  : Completed initialization in 3 ms
2026-04-17T18:20:27.362-03:00  INFO 311001 --- [           main] o.s.b.w.embedded.tomcat.TomcatWebServer  : Tomcat started on port 37235 (http) with context path '/'
2026-04-17T18:20:27.385-03:00  INFO 311001 --- [           main] c.m.c.identity.ReviewIntegrationTest     : Started ReviewIntegrationTest in 5.542 seconds (process running for 7.511)
2026-04-17T18:20:28.272-03:00  INFO 311001 --- [           main] c.m.ceara.service.ReviewService          : Iniciando criação de review: serviceRequestId=42d5416c-e6ce-48b8-8fb7-e436fe4ca96a, clientId=24f0cbd0-b991-478c-9763-e122a0bf725a, rating=4
2026-04-17T18:20:28.298-03:00  INFO 311001 --- [           main] c.m.ceara.service.ReviewService          : Review salva com sucesso: id=f46a0777-6392-45c3-ab60-8e4f13ac8613
2026-04-17T18:20:28.299-03:00  INFO 311001 --- [           main] c.m.ceara.service.ReviewService          : [Async] Recalculando média para prestadorId=96874d31-932e-4b21-a7f8-cffbf0d97418
2026-04-17T18:20:28.327-03:00  INFO 311001 --- [           main] c.m.ceara.service.ReviewService          : [Async] Nova média calculada: 4.00 (total de 1 avaliações)
2026-04-17T18:20:28.416-03:00  INFO 311001 --- [           main] c.m.ceara.service.ReviewService          : Iniciando criação de review: serviceRequestId=49dc106d-6f4e-416d-acb2-c2c96632aef5, clientId=24f0cbd0-b991-478c-9763-e122a0bf725a, rating=5
2026-04-17T18:20:28.430-03:00  INFO 311001 --- [           main] c.m.ceara.service.ReviewService          : Review salva com sucesso: id=fd5e8daf-cc17-4de7-9a1c-8e9afbfd6da4
2026-04-17T18:20:28.430-03:00  INFO 311001 --- [           main] c.m.ceara.service.ReviewService          : [Async] Recalculando média para prestadorId=96874d31-932e-4b21-a7f8-cffbf0d97418
2026-04-17T18:20:28.447-03:00  INFO 311001 --- [           main] c.m.ceara.service.ReviewService          : [Async] Nova média calculada: 4.50 (total de 2 avaliações)
]]></system-out>
  </testcase>
</testsuite>